/work/ec288/ec288/s2767572-ec288/pythonEnvs/BayesOptEnv/lib/python3.11/site-packages/matplotlib/quiver.py:695: RuntimeWarning: divide by zero encountered in scalar divide
  length = a * (widthu_per_lenu / (self.scale * self.width))
/work/ec288/ec288/s2767572-ec288/pythonEnvs/BayesOptEnv/lib/python3.11/site-packages/matplotlib/quiver.py:695: RuntimeWarning: invalid value encountered in multiply
  length = a * (widthu_per_lenu / (self.scale * self.width))
max v at t=0:  0.0
mass =  852.0
max v at t=1000:  0.019609881134348965
mass =  877.9497893818261
max v at t=2000:  0.01789109145543759
mass =  879.1297641222261
max v at t=3000:  0.007357616570008816
mass =  880.7516035736609
max v at t=4000:  0.020972092180839723
mass =  881.2501099098255
max v at t=5000:  0.03339807514563138
mass =  881.948838320988
max v at t=6000:  0.032725869538226975
mass =  881.2159934977115
max v at t=7000:  0.03313426315574096
mass =  880.1239186254619
max v at t=8000:  0.029267671656256152
mass =  882.1410710868454
max v at t=9000:  0.021643307961915995
mass =  883.1634352215466
max v at t=10000:  0.02079256932666904
mass =  884.0597205826406
max v at t=11000:  0.021741781021577766
mass =  884.4896701473824
max v at t=12000:  0.02181008734979995
mass =  884.4553103169937
max v at t=13000:  0.019971436907850117
mass =  884.8088269247363
max v at t=14000:  0.024035869645363264
mass =  885.4493525531362
max v at t=15000:  0.020925678146885014
mass =  885.7643801269652
max v at t=16000:  0.021117166946183687
mass =  885.449675373553
max v at t=17000:  0.021691912350905743
mass =  884.9030353118761
max v at t=18000:  0.02098922350134792
mass =  885.4938352258439
max v at t=19000:  0.021513220249986358
mass =  885.4961632242
max v at t=20000:  0.023078513631807965
mass =  885.2880708842928
max v at t=21000:  0.02186900758384128
mass =  885.1467953187235
max v at t=22000:  0.02266987454947238
mass =  885.3054108876643
max v at t=23000:  0.020167809449284774
mass =  885.5759694047769
max v at t=24000:  0.02003114570919928
mass =  886.1236862333993
max v at t=25000:  0.021213357391508637
mass =  886.2226489692398
max v at t=26000:  0.020454400988108218
mass =  885.5859873488084
max v at t=27000:  0.020704997580940805
mass =  885.6787136217237
max v at t=28000:  0.020664833056173594
mass =  885.7505539456953
max v at t=29000:  0.02002773322975427
mass =  886.2458205237746
max v at t=30000:  0.019370756375796758
mass =  886.1686791531275
max v at t=31000:  0.023400793071182608
mass =  885.5040746114572
max v at t=32000:  0.020518437934981287
mass =  885.6364496506018
max v at t=33000:  0.02332830753479208
mass =  886.4148259580465
max v at t=34000:  0.019897005125630193
mass =  887.0783560087127
max v at t=35000:  0.0210415204908689
mass =  886.945790701576
max v at t=36000:  0.02010581504264838
mass =  886.5744156885817
max v at t=37000:  0.020025935688730727
mass =  886.4031266275372
max v at t=38000:  0.02482013335149032
mass =  885.7829601246021
max v at t=39000:  0.021479589952626298
mass =  885.3860158805048
max v at t=40000:  0.022396783731631384
mass =  885.31191702147
max v at t=41000:  0.020282930109405232
mass =  885.6103321533664
max v at t=42000:  0.021964735905007197
mass =  886.0830505083229
max v at t=43000:  0.021604085735176748
mass =  886.7805993053183
max v at t=44000:  0.01949844252830237
mass =  887.4411242273861
max v at t=45000:  0.023405362357265057
mass =  887.7907028023411
max v at t=46000:  0.020577114994400077
mass =  887.1472526926416
max v at t=47000:  0.0209622314029088
mass =  886.7357452233841
max v at t=48000:  0.02215984565207987
mass =  887.285407789188
max v at t=49000:  0.02221217179079459
mass =  887.6749264338315
max v at t=50000:  0.020673455259959325
mass =  888.4395919525931
max v at t=51000:  0.02112455599743523
mass =  888.9309439527347
max v at t=52000:  0.022047534316426684
mass =  889.6542035043815
max v at t=53000:  0.020947807563899638
mass =  889.4367012211337
max v at t=54000:  0.02082112900912624
mass =  889.6870032966116
max v at t=55000:  0.01993319709913401
mass =  890.0182886351839
max v at t=56000:  0.021803056894980185
mass =  889.4195080775929
max v at t=57000:  0.02054492089593445
mass =  889.2511500771667
max v at t=58000:  0.02087161425009456
mass =  888.8258015907668
max v at t=59000:  0.022288346087059346
mass =  889.0101443911798
max v at t=60000:  0.0203609016695412
mass =  889.2392225873655
max v at t=61000:  0.020719558202448817
mass =  888.9831051118118
max v at t=62000:  0.019951007204730576
mass =  888.4339923244369
max v at t=63000:  0.02205410951922379
mass =  888.5294901085791
max v at t=64000:  0.02087900269097395
mass =  887.989551433303
max v at t=65000:  0.020567823044342275
mass =  888.3735367545128
max v at t=66000:  0.02039475232814816
mass =  888.6773992157713
max v at t=67000:  0.020524832182547786
mass =  888.7399677407652
max v at t=68000:  0.021172311802281997
mass =  889.2009377437222
max v at t=69000:  0.02303180238090895
mass =  889.5589462537381
max v at t=70000:  0.020876592498041316
mass =  890.5666333993099
max v at t=71000:  0.02287425079168028
mass =  890.7352414547119
max v at t=72000:  0.020601183354900673
mass =  890.4770981978816
max v at t=73000:  0.021952757481148194
mass =  889.7008564884558
max v at t=74000:  0.01910960978812165
mass =  889.4981251706004
max v at t=75000:  0.019772003041911342
mass =  890.0407359437426
max v at t=76000:  0.021418537274457944
mass =  890.3011582735484
max v at t=77000:  0.020729558268794503
mass =  890.8510484817515
max v at t=78000:  0.021072105359226195
mass =  890.5644789218653
max v at t=79000:  0.02102507028837198
mass =  889.5167494412821
max v at t=80000:  0.02211168997434609
mass =  890.112636689749
max v at t=81000:  0.01986148018935327
mass =  890.61219012554
max v at t=82000:  0.02155091998866952
mass =  890.5222042680224
max v at t=83000:  0.02215637070810257
mass =  890.0493367560415
max v at t=84000:  0.02006300110890434
mass =  890.172255521682
max v at t=85000:  0.020099989645267217
mass =  889.8820529312825
max v at t=86000:  0.021976814563907494
mass =  889.6941377942182
max v at t=87000:  0.0211191661911736
mass =  889.9902644198113
max v at t=88000:  0.021615024466765276
mass =  890.1453953545854
max v at t=89000:  0.022216499051141998
mass =  890.2855727318415
max v at t=90000:  0.02043241991569033
mass =  890.2940785922247
max v at t=91000:  0.023734951018373328
mass =  890.5477543690465
max v at t=92000:  0.021574781812058238
mass =  890.8634370510564
max v at t=93000:  0.020513120481477493
mass =  890.9604881395578
max v at t=94000:  0.019928012181318847
mass =  890.914929375154
max v at t=95000:  0.02284418199207986
mass =  890.8971119654828
max v at t=96000:  0.02079218000452746
mass =  890.3436061806262
max v at t=97000:  0.020188015513071693
mass =  890.3100742143339
max v at t=98000:  0.02056707244802361
mass =  890.5607723736257
max v at t=99000:  0.020927867927541317
mass =  890.4536246390234
max v at t=100000:  0.01970178485865636
mass =  890.3606854421793
max v at t=101000:  0.020622869697189856
mass =  890.2015969600408
max v at t=102000:  0.019542457255870737
mass =  890.2506557781901
max v at t=103000:  0.02099834516790117
mass =  890.3437604291668
max v at t=104000:  0.025211197588901762
mass =  890.8046934582131
max v at t=105000:  0.02120693014822783
mass =  891.5016432976929
max v at t=106000:  0.021547306333448056
mass =  891.7864486609801
max v at t=107000:  0.019848122123684923
mass =  891.7993965681534
max v at t=108000:  0.019171394995234074
mass =  892.0206430544748
max v at t=109000:  0.02548959350233946
mass =  891.5102217656874
max v at t=110000:  0.022111926958574588
mass =  891.7695613078326
max v at t=111000:  0.020803303409217305
mass =  891.6315517071796
max v at t=112000:  0.021173620833641337
mass =  891.0806403100596
max v at t=113000:  0.021292700290446963
mass =  890.3661367093338
max v at t=114000:  0.020304970027618965
mass =  890.5003931335624
max v at t=115000:  0.019562794013510208
mass =  890.1953391274302
max v at t=116000:  0.021271327859094726
mass =  890.0611383741195
max v at t=117000:  0.020281231616851438
mass =  890.3458248706236
max v at t=118000:  0.020442555853441763
mass =  890.4054900689149
max v at t=119000:  0.019147372962845046
mass =  890.2058666344234
max v at t=120000:  0.022099985151326714
mass =  889.8339346167041
max v at t=121000:  0.02186774361996113
mass =  889.5578509092107
max v at t=122000:  0.01972114286638036
mass =  889.8107821354151
max v at t=123000:  0.02488801971941186
mass =  890.4316706195942
max v at t=124000:  0.02357576345911277
mass =  890.7873635213988
max v at t=125000:  0.02449933819264249
mass =  891.1505733210932
max v at t=126000:  0.021873189120517608
mass =  890.7243857553534
max v at t=127000:  0.020795045406156995
mass =  890.9913957746631
max v at t=128000:  0.01896839867228447
mass =  890.6648712738628
max v at t=129000:  0.020953150715400177
mass =  890.5185893512477
max v at t=130000:  0.02191310784025291
mass =  890.9151268152372
max v at t=131000:  0.022899405710205226
mass =  891.4088906762203
max v at t=132000:  0.02140320305199041
mass =  891.6370884456004
max v at t=133000:  0.021288085872743067
mass =  891.6197800520123
max v at t=134000:  0.0220602995687819
mass =  891.1270674836155
max v at t=135000:  0.023045884059312294
mass =  891.3838349145872
max v at t=136000:  0.019766081627018407
mass =  891.6954421258661
max v at t=137000:  0.019931455084005206
mass =  891.7920402314038
max v at t=138000:  0.020529096390652028
mass =  891.6023760130274
max v at t=139000:  0.021089065719229205
mass =  891.3968608801829
max v at t=140000:  0.021384231152046768
mass =  891.0535422952088
max v at t=141000:  0.02014933985891352
mass =  890.2811386878985
max v at t=142000:  0.021060166654989148
mass =  889.8994386124044
max v at t=143000:  0.02064621327959265
mass =  891.2818846535184
max v at t=144000:  0.023751582622229095
mass =  891.862401703204
max v at t=145000:  0.021672940576953185
mass =  891.3735616762959
max v at t=146000:  0.021611256251089166
mass =  891.3034388863715
max v at t=147000:  0.022017910281799852
mass =  891.4617587065021
max v at t=148000:  0.022705868494827093
mass =  891.8654372296828
max v at t=149000:  0.021587532706263665
mass =  891.5133046077842
max v at t=150000:  0.020606337873885903
mass =  891.0135304422424
max v at t=151000:  0.021506545218803085
mass =  891.0730666317795
max v at t=152000:  0.0194632237202274
mass =  891.0106425463498
max v at t=153000:  0.019168223766824567
mass =  890.9957805468629
max v at t=154000:  0.022302564701014566
mass =  892.425071099684
max v at t=155000:  0.019998448059157313
mass =  892.3546944218375
max v at t=156000:  0.021409294965044044
mass =  891.3396593262934
max v at t=157000:  0.02027879609836304
mass =  890.5946558206318
max v at t=158000:  0.022101726684348854
mass =  889.9121355077092
max v at t=159000:  0.019604593137299783
mass =  889.8222738823088
max v at t=160000:  0.019984748847844666
mass =  890.7664063111832
max v at t=161000:  0.021434607476349756
mass =  891.1642878070566
max v at t=162000:  0.020793117572532275
mass =  891.3676726994291
max v at t=163000:  0.020413397620504644
mass =  891.3965494850019
max v at t=164000:  0.02241555828247903
mass =  891.783367671906
max v at t=165000:  0.021314870175692155
mass =  892.2771870576595
max v at t=166000:  0.01994908707478434
mass =  892.9770149155003
max v at t=167000:  0.019187647437085453
mass =  892.963977096188
max v at t=168000:  0.01998194252266173
mass =  893.0972016187502
max v at t=169000:  0.021191875564573748
mass =  892.3966949880809
max v at t=170000:  0.022909870736655784
mass =  891.3621215300824
max v at t=171000:  0.01975647545825067
mass =  892.035351435255
max v at t=172000:  0.02183322257402237
mass =  892.3075619076094
max v at t=173000:  0.020788979889982608
mass =  892.5374719456678
max v at t=174000:  0.020859880898497777
mass =  893.176342852985
max v at t=175000:  0.021991887453383423
mass =  893.1850125660166
max v at t=176000:  0.019773225982919
mass =  893.6103206477517
max v at t=177000:  0.01984975143478788
mass =  892.8368228526782
max v at t=178000:  0.019810557964426427
mass =  891.8037979930132
max v at t=179000:  0.021833096922792318
mass =  891.156838738899
max v at t=180000:  0.020944649289686652
mass =  891.6741945054883
max v at t=181000:  0.020277563180105006
mass =  891.7349042308974
max v at t=182000:  0.02087827310495682
mass =  891.9432921770149
max v at t=183000:  0.021044733902606347
mass =  892.108914493674
max v at t=184000:  0.021479815097115943
mass =  892.0671948886451
max v at t=185000:  0.022496701869702533
mass =  891.4859875451239
max v at t=186000:  0.021922875430124108
mass =  891.907378786113
max v at t=187000:  0.022483652481435537
mass =  893.3395109238866
max v at t=188000:  0.019959072429688834
mass =  892.6717980128927
max v at t=189000:  0.020701990960058647
mass =  891.7953289515799
max v at t=190000:  0.02268318904366574
mass =  891.7323459133628
max v at t=191000:  0.022455199710158642
mass =  891.9175184604948
max v at t=192000:  0.020138267790161764
mass =  892.8591660099734
max v at t=193000:  0.020551558347569866
mass =  893.5912271853133
max v at t=194000:  0.021064533134861924
mass =  893.6467437601467
max v at t=195000:  0.02128577789600989
mass =  893.5951121961857
max v at t=196000:  0.020806172917822253
mass =  893.5906580389773
max v at t=197000:  0.020355770394512366
mass =  892.7900937701102
max v at t=198000:  0.020754314069845223
mass =  892.8407414022365
max v at t=199000:  0.019225871072523822
mass =  892.9699758917551
max v at t=200000:  0.021216360156392146
mass =  893.4211394037835
max v at t=201000:  0.020963269279300402
mass =  893.44600078968
max v at t=202000:  0.02252500094126952
mass =  893.7765873780108
max v at t=203000:  0.02309310335619907
mass =  893.9777802144289
max v at t=204000:  0.02243018587089817
mass =  894.2035696109757
max v at t=205000:  0.02031485308261338
mass =  895.0182298787672
max v at t=206000:  0.019897836982527884
mass =  895.3638014608222
max v at t=207000:  0.019986039683371867
mass =  895.2744228241075
max v at t=208000:  0.021182981202887217
mass =  895.6862934163818
max v at t=209000:  0.02055513492631439
mass =  896.2062345773996
max v at t=210000:  0.02237847761245807
mass =  895.9544291586012
max v at t=211000:  0.021726511296041345
mass =  896.3734943847917
max v at t=212000:  0.02065816935787202
mass =  896.0796243729317
max v at t=213000:  0.022157213164719906
mass =  895.4099853939889
max v at t=214000:  0.020909879546811797
mass =  895.6762411362032
max v at t=215000:  0.020973011421485065
mass =  895.8355604633665
max v at t=216000:  0.019511627867812933
mass =  895.286084764774
max v at t=217000:  0.02159855940930654
mass =  893.8550358682475
max v at t=218000:  0.021375934291166132
mass =  894.1297413439071
max v at t=219000:  0.02302041794630819
mass =  894.686475301808
max v at t=220000:  0.02502699846975422
mass =  894.8104970749021
max v at t=221000:  0.021227764370030773
mass =  895.1597986508021
max v at t=222000:  0.022609610326305204
mass =  894.5546192098485
max v at t=223000:  0.02052123172752078
mass =  893.965347937591
max v at t=224000:  0.02118381326539578
mass =  894.0929544883209
max v at t=225000:  0.020120728162623305
mass =  894.337160451868
max v at t=226000:  0.020855470511203966
mass =  894.2922310452158
max v at t=227000:  0.022125059349945256
mass =  894.7808511069636
max v at t=228000:  0.02075064298191134
mass =  895.0942083864685
max v at t=229000:  0.020961246828367173
mass =  895.3884866528832
max v at t=230000:  0.019556425978702136
mass =  895.2064092088968
max v at t=231000:  0.021003274436748418
mass =  895.3041515209911
max v at t=232000:  0.020795197048392396
mass =  895.3897917672001
max v at t=233000:  0.02306594851787847
mass =  895.535615002963
max v at t=234000:  0.022200810847934262
mass =  895.5729003654751
max v at t=235000:  0.02349275769054355
mass =  895.3993841266963
max v at t=236000:  0.02274383715815896
mass =  894.9324925727408
max v at t=237000:  0.022859389397891488
mass =  894.4811753371108
max v at t=238000:  0.02084918226210376
mass =  894.2808443367862
max v at t=239000:  0.021458252644523126
mass =  893.6669529513567
max v at t=240000:  0.020616211732394498
mass =  894.335759880029
max v at t=241000:  0.021926018615535982
mass =  894.8446718930535
max v at t=242000:  0.019447753491256683
mass =  895.656920241035
max v at t=243000:  0.02255098990043554
mass =  896.6084699428719
max v at t=244000:  0.018838908839932778
mass =  897.0179766700378
max v at t=245000:  0.02182902754544256
mass =  896.7767814107923
max v at t=246000:  0.018538005032923084
mass =  896.4439666365482
max v at t=247000:  0.021814949580188467
mass =  896.61406092392
max v at t=248000:  0.019538057186077033
mass =  896.085542726267
max v at t=249000:  0.020993275927195056
mass =  896.4810654200429
max v at t=250000:  0.020594975735716045
mass =  896.0201587784047
max v at t=251000:  0.020582149794663912
mass =  895.5746985684324
max v at t=252000:  0.02061608727135751
mass =  895.7733533792049
max v at t=253000:  0.021824343975152448
mass =  896.5244258247734
max v at t=254000:  0.01952901513968012
mass =  896.9626130983545
max v at t=255000:  0.021189430493409735
mass =  896.4545694510643
max v at t=256000:  0.021325294512287228
mass =  895.8726690981496
max v at t=257000:  0.020256540032146133
mass =  895.9309186089562
max v at t=258000:  0.021736132640631844
mass =  896.0149074711467
max v at t=259000:  0.020350265188183256
mass =  896.765470292183
max v at t=260000:  0.02108670829521003
mass =  897.2215439517557
max v at t=261000:  0.01966455291930961
mass =  897.0598788986949
max v at t=262000:  0.02022834248515597
mass =  897.621523739592
max v at t=263000:  0.025551626994165525
mass =  898.248658952667
max v at t=264000:  0.02405419812441528
mass =  897.7447129145972
max v at t=265000:  0.023375747575327708
mass =  896.6619344116248
max v at t=266000:  0.020481834041393445
mass =  897.2816535872022
max v at t=267000:  0.02198666106117906
mass =  898.1799518718453
max v at t=268000:  0.02163263347829708
mass =  898.605959382825
max v at t=269000:  0.022828459555846094
mass =  899.1106696478666
max v at t=270000:  0.022403153025410568
mass =  899.8074446617956
max v at t=271000:  0.020828196492502275
mass =  900.7517761721277
max v at t=272000:  0.01960573036641533
mass =  900.4959079353907
max v at t=273000:  0.021358653339819452
mass =  899.540851460236
max v at t=274000:  0.020843274181871742
mass =  898.8082254290712
max v at t=275000:  0.019315540535290013
mass =  897.8562693903868
max v at t=276000:  0.020030243760559435
mass =  897.5469338033685
max v at t=277000:  0.021569564456087556
mass =  897.6467215677098
max v at t=278000:  0.021009919564758825
mass =  897.7062553340542
max v at t=279000:  0.02330656592360226
mass =  898.3244755634527
max v at t=280000:  0.020394903908394987
mass =  898.6402336232247
max v at t=281000:  0.021056898428452084
mass =  898.9661121426587
max v at t=282000:  0.020967664721725964
mass =  898.4957475469387
max v at t=283000:  0.021283538033145314
mass =  898.5358782450202
max v at t=284000:  0.022013825008515994
mass =  898.2716864497899
max v at t=285000:  0.020018057967229705
mass =  898.0603797653206
max v at t=286000:  0.021837800313696868
mass =  897.7969304017769
max v at t=287000:  0.0226128413656825
mass =  896.9548204663299
max v at t=288000:  0.01990853187086301
mass =  896.6200826958219
max v at t=289000:  0.02007090632214031
mass =  897.1127201524281
max v at t=290000:  0.023285120444174315
mass =  897.792123532319
max v at t=291000:  0.020231666224572998
mass =  898.2252912535553
max v at t=292000:  0.02012793700439972
mass =  898.3902552355532
max v at t=293000:  0.02096135380875186
mass =  898.3335714849162
max v at t=294000:  0.021457168647787638
mass =  897.7155275134796
max v at t=295000:  0.02083718377393169
mass =  897.4418575528349
max v at t=296000:  0.019334749545044824
mass =  897.220305143737
max v at t=297000:  0.022324344102146124
mass =  897.0744487890047
max v at t=298000:  0.022292844046382418
mass =  896.7956227478709
max v at t=299000:  0.020834367078437017
mass =  897.0796740099066
max v at t=300000:  0.020011350582032076
mass =  897.4596150521269
max v at t=301000:  0.022173940841360696
mass =  898.0461437782867
max v at t=302000:  0.019650465708753676
mass =  898.231274945226
max v at t=303000:  0.022673657903422365
mass =  897.2374957912813
max v at t=304000:  0.021462476995057454
mass =  896.5404655307875
max v at t=305000:  0.020735178858681345
mass =  896.303434843909
max v at t=306000:  0.021285742590591388
mass =  896.0122748791983
max v at t=307000:  0.021589652130607147
mass =  895.650704489434
max v at t=308000:  0.021022648913497966
mass =  895.9769527617511
max v at t=309000:  0.02026160480591168
mass =  896.7267711700589
max v at t=310000:  0.020112329005129295
mass =  896.3268247768054
max v at t=311000:  0.019706113641450952
mass =  896.3917335860701
max v at t=312000:  0.019952660152123946
mass =  896.487218906981
max v at t=313000:  0.02155947627224915
mass =  896.8510117366249
max v at t=314000:  0.020386328421950137
mass =  897.182336483399
max v at t=315000:  0.020562281649928734
mass =  896.8079493535078
max v at t=316000:  0.02014156342575778
mass =  897.2917299096883
max v at t=317000:  0.021145512934823113
mass =  897.9673817858351
max v at t=318000:  0.019489580932500198
mass =  898.404532384127
max v at t=319000:  0.019810566987876504
mass =  898.1321029913046
max v at t=320000:  0.020566564350633552
mass =  898.5200089873176
max v at t=321000:  0.021890574717713378
mass =  898.8057058554781
max v at t=322000:  0.020258469944810863
mass =  898.7730156142245
max v at t=323000:  0.022455982340380952
mass =  897.9814060205041
max v at t=324000:  0.023060774369349175
mass =  897.5268564270289
max v at t=325000:  0.019828887050657662
mass =  898.0025051257337
max v at t=326000:  0.02052310792695739
mass =  897.7801173765031
max v at t=327000:  0.02052052855622792
mass =  897.6402189405242
max v at t=328000:  0.021080353448620866
mass =  899.0893377505826
max v at t=329000:  0.018811817620319908
mass =  899.0815547494734
max v at t=330000:  0.02093600379866963
mass =  898.6331754032144
max v at t=331000:  0.01983386274959786
mass =  898.985706736204
max v at t=332000:  0.020075930802038826
mass =  898.6570693767101
max v at t=333000:  0.0202092338930782
mass =  898.3504250645298
max v at t=334000:  0.02031482629867117
mass =  898.1526995349592
max v at t=335000:  0.020215415263031784
mass =  898.5721119360187
max v at t=336000:  0.021263470104588147
mass =  899.1670351364762
max v at t=337000:  0.021378446525111193
mass =  899.6267003134682
max v at t=338000:  0.020684558631018788
mass =  899.6381257312585
max v at t=339000:  0.02088523991894733
mass =  898.3679000311796
max v at t=340000:  0.02006169687350503
mass =  898.4936639388254
max v at t=341000:  0.020676438145679023
mass =  897.7038304692215
max v at t=342000:  0.020499131447263733
mass =  896.6928980729299
max v at t=343000:  0.023236276602359357
mass =  897.0185712277498
max v at t=344000:  0.02028391151277733
mass =  897.2216372209213
max v at t=345000:  0.020761901637533425
mass =  896.6266253934862
max v at t=346000:  0.02173513204077101
mass =  896.0076535897545
max v at t=347000:  0.021467654206692603
mass =  895.8895769877396
max v at t=348000:  0.021280779499531208
mass =  896.3427548955525
max v at t=349000:  0.019797096708676548
mass =  896.767827376459
max v at t=350000:  0.019536301736158994
mass =  897.1611574389709
max v at t=351000:  0.02177686663073519
mass =  896.6886709357232
max v at t=352000:  0.01995193774617764
mass =  896.1301061804371
max v at t=353000:  0.021596601659144826
mass =  896.6541928936184
max v at t=354000:  0.021984183515923402
mass =  896.6021695099813
max v at t=355000:  0.021368617891867343
mass =  896.0446748652087
max v at t=356000:  0.020686091257415898
mass =  896.574641861088
max v at t=357000:  0.021986673863796467
mass =  896.795206907747
max v at t=358000:  0.0204258597166364
mass =  896.4011261536701
max v at t=359000:  0.020770850101483013
mass =  896.4464136803666
max v at t=360000:  0.02204300812935231
mass =  896.1797847727187
max v at t=361000:  0.020834625456075537
mass =  896.0302537653839
max v at t=362000:  0.02034379906713599
mass =  896.4724021197907
max v at t=363000:  0.021276350667250338
mass =  896.5221786994761
max v at t=364000:  0.023480410820036445
mass =  896.0185711277068
max v at t=365000:  0.025114082364942798
mass =  896.6549108005037
max v at t=366000:  0.02338451393327312
mass =  897.1729626249005
max v at t=367000:  0.020659418585058237
mass =  897.6003633040167
max v at t=368000:  0.01977164420491848
mass =  897.7244914474434
max v at t=369000:  0.021175921597588927
mass =  897.291849200179
max v at t=370000:  0.021404339754185955
mass =  896.7628099976365
max v at t=371000:  0.0237800389360728
mass =  896.0156471557655
max v at t=372000:  0.018845586699461927
mass =  895.8808796128951
max v at t=373000:  0.02065705721993296
mass =  896.0910644744922
max v at t=374000:  0.020079154607127787
mass =  896.5870770826781
max v at t=375000:  0.02082767669848795
mass =  896.6180959403049
max v at t=376000:  0.020675428133609515
mass =  896.56193980821
max v at t=377000:  0.02085593547426242
mass =  897.2096585376512
max v at t=378000:  0.020582993839041393
mass =  898.0295973534229
max v at t=379000:  0.02106502104189007
mass =  898.7759385104733
max v at t=380000:  0.022060754881404493
mass =  899.1427347362778
max v at t=381000:  0.02149822229391346
mass =  899.3772605239011
max v at t=382000:  0.02338794758958671
mass =  899.9776110754015
max v at t=383000:  0.019642858229929186
mass =  899.9026885559965
max v at t=384000:  0.02129816580071408
mass =  898.3520283783438
max v at t=385000:  0.02132485670456219
mass =  897.3382057452078
max v at t=386000:  0.02052979680195073
mass =  897.2589092693905
max v at t=387000:  0.019378393976405783
mass =  898.532947377947
max v at t=388000:  0.020337340559008384
mass =  898.3916563377948
max v at t=389000:  0.019907066077757295
mass =  898.748942953872
max v at t=390000:  0.019901050388349353
mass =  898.8922541880332
max v at t=391000:  0.02119071713097141
mass =  898.6109192946451
max v at t=392000:  0.021802196444572496
mass =  898.0929911020004
max v at t=393000:  0.020521234531427082
mass =  897.2648263725677
max v at t=394000:  0.019135735259104055
mass =  897.8657584037826
max v at t=395000:  0.022023644669162623
mass =  898.0114256615936
max v at t=396000:  0.021289544363915294
mass =  897.6730093144452
max v at t=397000:  0.022068046655459906
mass =  897.517720212041
max v at t=398000:  0.020268837180845455
mass =  897.8224904557491
max v at t=399000:  0.020328050202139927
mass =  897.8167007295666
max v at t=400000:  0.021757738483461263
mass =  897.6489530187162
max v at t=401000:  0.02030510522466421
mass =  897.7179248174857
max v at t=402000:  0.022218310863424687
mass =  897.4524437233789
max v at t=403000:  0.020459842194828978
mass =  897.5149396521044
max v at t=404000:  0.02338322447282572
mass =  897.0066774850653
max v at t=405000:  0.02091019369588171
mass =  897.0145618460517
max v at t=406000:  0.025136233890849048
mass =  897.2331039898195
max v at t=407000:  0.02036244385338894
mass =  897.7952156760672
max v at t=408000:  0.020410842597983137
mass =  898.7723198897677
max v at t=409000:  0.021014302621061864
mass =  899.5040883146768
max v at t=410000:  0.020839422937980037
mass =  899.3763138440191
max v at t=411000:  0.020583050081231208
mass =  899.0097157457319
max v at t=412000:  0.023010349841903716
mass =  898.8711382720946
max v at t=413000:  0.022519084004311435
mass =  899.9307151088758
max v at t=414000:  0.021703953252620894
mass =  899.7858547770326
max v at t=415000:  0.022395912604223692
mass =  899.455410195892
max v at t=416000:  0.0205977558158993
mass =  899.3613854988191
max v at t=417000:  0.023801778073575152
mass =  899.7623381735682
max v at t=418000:  0.020397616320373745
mass =  898.6925465522115
max v at t=419000:  0.021180964477389954
mass =  898.0669228779598
max v at t=420000:  0.019997261208443078
mass =  897.9358318272772
max v at t=421000:  0.02159059887295735
mass =  898.5948020077333
max v at t=422000:  0.019440872961343433
mass =  898.4736852478426
max v at t=423000:  0.020174229327414667
mass =  898.4190021064356
max v at t=424000:  0.02202676867872615
mass =  898.2535466437968
max v at t=425000:  0.022944281260110642
mass =  898.948913685457
max v at t=426000:  0.02137839241531832
mass =  899.2977493830979
max v at t=427000:  0.020401735778948615
mass =  899.5020547923646
max v at t=428000:  0.02244700921785902
mass =  898.9143005357544
max v at t=429000:  0.020975404351377562
mass =  899.2993770018244
max v at t=430000:  0.02255833493027022
mass =  899.2091452710802
max v at t=431000:  0.020738809883746472
mass =  898.7571644439926
max v at t=432000:  0.020387311829095256
mass =  899.1496376545956
max v at t=433000:  0.022584901610362487
mass =  899.0874481054367
max v at t=434000:  0.019835403380148227
mass =  899.1821232271195
max v at t=435000:  0.021161141943003496
mass =  899.0165926902306
max v at t=436000:  0.0230975265905502
mass =  899.0070026932227
max v at t=437000:  0.019791700203441245
mass =  898.8990159405953
max v at t=438000:  0.02053132565501296
mass =  898.614987772308
max v at t=439000:  0.019457042463503223
mass =  897.8722843597051
max v at t=440000:  0.020425019597918332
mass =  897.5430996370635
max v at t=441000:  0.0197821088828167
mass =  897.5193417974056
max v at t=442000:  0.021450889645483927
mass =  897.6267370979814
max v at t=443000:  0.02369843525861942
mass =  898.364484156772
max v at t=444000:  0.02116182135506203
mass =  898.4420682449163
max v at t=445000:  0.02146433832863218
mass =  897.9322172770391
max v at t=446000:  0.020073395159161036
mass =  897.7450184285933
max v at t=447000:  0.022379939070595684
mass =  897.8393951839092
max v at t=448000:  0.020653214343297466
mass =  897.5018962569029
max v at t=449000:  0.021091045920547214
mass =  897.4680878268522
max v at t=450000:  0.020746635659107317
mass =  898.2993154998121
max v at t=451000:  0.01963727243607455
mass =  898.5642789948981
max v at t=452000:  0.022352166636761553
mass =  898.917255936876
max v at t=453000:  0.023297968706427183
mass =  899.2768186053968
max v at t=454000:  0.021456160495174247
mass =  899.4228183297456
max v at t=455000:  0.021892766487326163
mass =  898.5893173124678
max v at t=456000:  0.019979491444959897
mass =  897.939646692256
max v at t=457000:  0.02103659598028775
mass =  897.3740460401466
max v at t=458000:  0.02257165445601304
mass =  897.0639210611832
max v at t=459000:  0.02038576565054242
mass =  897.8590939304463
max v at t=460000:  0.019924345988519405
mass =  898.5639926195352
max v at t=461000:  0.020002239688566462
mass =  898.7106070964511
max v at t=462000:  0.021530640341886228
mass =  899.6194778918414
max v at t=463000:  0.02507898363685694
mass =  899.9958501985186
max v at t=464000:  0.019600740012048506
mass =  898.6457716346378
max v at t=465000:  0.020023997179165885
mass =  898.4582326305043
max v at t=466000:  0.019780454736377708
mass =  898.9764855238217
max v at t=467000:  0.020171450687595044
mass =  898.9664444319267
max v at t=468000:  0.022486421797669947
mass =  899.6048067028343
max v at t=469000:  0.02196084830495164
mass =  899.9131825179255
max v at t=470000:  0.020335535282833897
mass =  899.7975426111054
max v at t=471000:  0.02025827268215556
mass =  899.4866555781124
max v at t=472000:  0.021199836991942247
mass =  899.2928943743173
max v at t=473000:  0.021710920568207854
mass =  899.1831658450619
max v at t=474000:  0.02256058156196234
mass =  899.1378084623234
max v at t=475000:  0.020824451278839803
mass =  900.0534187431178
max v at t=476000:  0.019780510448225163
mass =  899.9446845808438
max v at t=477000:  0.021723097333983272
mass =  899.5662961638991
max v at t=478000:  0.020035073302576135
mass =  899.6143563790521
max v at t=479000:  0.02135102605010026
mass =  898.9848303471772
max v at t=480000:  0.02014542604579825
mass =  899.0867472367469
max v at t=481000:  0.02081743052140864
mass =  899.6781933337322
max v at t=482000:  0.021085525539023875
mass =  899.5800914440023
max v at t=483000:  0.020883842269936243
mass =  900.5145216466933
max v at t=484000:  0.018754029634951024
mass =  901.1713101776321
max v at t=485000:  0.02133345771582068
mass =  900.4631922166559
max v at t=486000:  0.021688374409605898
mass =  899.2732074722244
max v at t=487000:  0.02141171245520277
mass =  898.9753661525613
max v at t=488000:  0.01957252491508887
mass =  899.6353539140542
max v at t=489000:  0.020461083617016106
mass =  900.0717819106152
max v at t=490000:  0.020001784910003696
mass =  900.1507410857478
max v at t=491000:  0.02155176137021774
mass =  899.8526583331836
max v at t=492000:  0.02180868310315861
mass =  899.4318922348511
max v at t=493000:  0.021093226149855555
mass =  899.7476813871314
max v at t=494000:  0.02203956235443258
mass =  899.6172170548172
max v at t=495000:  0.020787149424939505
mass =  899.478842188238
max v at t=496000:  0.020979352008751045
mass =  898.8187370116054
max v at t=497000:  0.02127982800498057
mass =  899.1371872412973
max v at t=498000:  0.02223113279561448
mass =  899.4559644748007
max v at t=499000:  0.02102053763383446
mass =  899.5242678367435
max v at t=500000:  0.02127542585133283
mass =  899.3845998337042
max v at t=501000:  0.021013359723018137
mass =  898.8560670499652
max v at t=502000:  0.023122426176851136
mass =  898.6525102772548
max v at t=503000:  0.021177799277814373
mass =  899.2508934671763
max v at t=504000:  0.019932234362775435
mass =  899.3198892602464
max v at t=505000:  0.019680022703377993
mass =  899.398295835591
max v at t=506000:  0.023575178287885308
mass =  899.683744599622
max v at t=507000:  0.021116115938070196
mass =  899.2902203597071
max v at t=508000:  0.021242958188121157
mass =  899.4075964405494
max v at t=509000:  0.020923021186420466
mass =  899.8792838929648
max v at t=510000:  0.021267669411467783
mass =  899.9126700195607
max v at t=511000:  0.019177008366450952
mass =  900.0364732068535
max v at t=512000:  0.021461635863800534
mass =  900.1799209697646
max v at t=513000:  0.019672663057989384
mass =  899.8471702941741
max v at t=514000:  0.02053568791455343
mass =  899.8310453036494
max v at t=515000:  0.020378355809305318
mass =  900.3427872208941
max v at t=516000:  0.020574233195890673
mass =  900.3938409521804
max v at t=517000:  0.021107212303500707
mass =  900.5183103767989
max v at t=518000:  0.021050260818722095
mass =  900.5464701626652
max v at t=519000:  0.02237597703856997
mass =  900.601982043827
max v at t=520000:  0.0212808310922099
mass =  900.1643523916675
max v at t=521000:  0.021887070377900754
mass =  899.6872612091391
max v at t=522000:  0.020971051640527167
mass =  898.1080662919037
max v at t=523000:  0.020443064875544505
mass =  898.4012342899692
max v at t=524000:  0.02260490970479076
mass =  898.8934285074677
max v at t=525000:  0.022102902012050202
mass =  898.8641946437101
max v at t=526000:  0.02061587927122629
mass =  898.6747540060699
max v at t=527000:  0.022417661766605312
mass =  899.4887702481102
max v at t=528000:  0.021853955671690576
mass =  899.8308180513292
max v at t=529000:  0.020675186880151807
mass =  899.5093581972704
max v at t=530000:  0.02098058535285685
mass =  898.6874946990766
max v at t=531000:  0.02137547145435303
mass =  898.4676223888489
max v at t=532000:  0.02386913404682073
mass =  898.4355124347411
max v at t=533000:  0.02119060006611945
mass =  899.5935086040339
max v at t=534000:  0.02300092475153316
mass =  899.6411657879947
max v at t=535000:  0.02129422302236456
mass =  899.5895762927371
max v at t=536000:  0.02152427287473107
mass =  899.7749207880389
max v at t=537000:  0.024124602646265647
mass =  899.6624651088797
max v at t=538000:  0.02126173380529752
mass =  898.920365453023
max v at t=539000:  0.020777789181123007
mass =  898.8896685169655
max v at t=540000:  0.02217649753403329
mass =  899.331438684797
max v at t=541000:  0.020911777283706388
mass =  899.196142708901
max v at t=542000:  0.023714017477453227
mass =  899.8022811441143
max v at t=543000:  0.021047811650509732
mass =  900.1975127889197
max v at t=544000:  0.020549143533151633
mass =  899.9986714343163
max v at t=545000:  0.02280197860103278
mass =  899.9491580426101
max v at t=546000:  0.021510199207879863
mass =  899.8656243149452
max v at t=547000:  0.020283750728833087
mass =  900.247778761029
max v at t=548000:  0.019783881846894964
mass =  900.3219148118327
max v at t=549000:  0.02094270401994834
mass =  900.512098857211
max v at t=550000:  0.022731066702552833
mass =  901.0189472575246
max v at t=551000:  0.020574504203689087
mass =  901.1620393954175
max v at t=552000:  0.02037102229647874
mass =  901.109699718983
max v at t=553000:  0.019666283556261637
mass =  900.9247507821403
max v at t=554000:  0.022634770190035566
mass =  900.3386916063571
max v at t=555000:  0.0207363572795354
mass =  900.4398489368002
max v at t=556000:  0.020171373589798383
mass =  900.5594539977733
max v at t=557000:  0.01992463456306315
mass =  899.4340440836714
max v at t=558000:  0.02147452415553893
mass =  899.6508118705747
max v at t=559000:  0.021459428571059418
mass =  900.1991705793054
max v at t=560000:  0.021715479981595297
mass =  900.3327624786194
max v at t=561000:  0.023351065969975243
mass =  900.2545943600202
max v at t=562000:  0.021132896268933256
mass =  900.5723979683515
max v at t=563000:  0.0215029577262039
mass =  900.3664529924383
max v at t=564000:  0.023411487972880902
mass =  900.6514112780028
max v at t=565000:  0.019002625306889218
mass =  901.0445659705866
max v at t=566000:  0.019822842992833205
mass =  900.4032286806513
max v at t=567000:  0.020150511849304924
mass =  899.553581900939
max v at t=568000:  0.020695741613971117
mass =  899.6662730651177
max v at t=569000:  0.021595317932505548
mass =  899.686453701085
max v at t=570000:  0.022285167146444584
mass =  899.2825683580352
max v at t=571000:  0.021343024395733743
mass =  898.867468186862
max v at t=572000:  0.02171184000159247
mass =  899.4891961923132
max v at t=573000:  0.019512322891159485
mass =  899.7233425987484
max v at t=574000:  0.019178563077410473
mass =  899.282533109545
max v at t=575000:  0.020242635778542125
mass =  899.2823613165235
max v at t=576000:  0.02295762099461559
mass =  899.1864822658177
max v at t=577000:  0.019665503906427316
mass =  898.7289048916463
max v at t=578000:  0.020296901342818127
mass =  898.6409085563232
max v at t=579000:  0.020912418167020722
mass =  900.1328017083297
max v at t=580000:  0.019789506122087026
mass =  899.9920593347443
max v at t=581000:  0.02044599579249227
mass =  898.7891779019484
max v at t=582000:  0.020190189010082776
mass =  898.5523610645137
max v at t=583000:  0.020922873335288122
mass =  898.7284393567086
max v at t=584000:  0.022106559960276523
mass =  899.249200635212
max v at t=585000:  0.026684979598035608
mass =  900.0210655536723
max v at t=586000:  0.021876949000257852
mass =  899.8574747119292
max v at t=587000:  0.02161327753530277
mass =  899.3691687300861
max v at t=588000:  0.0205438127209533
mass =  899.73967169046
max v at t=589000:  0.020940013921224285
mass =  899.9918421825433
max v at t=590000:  0.0207960104311929
mass =  899.6143925303351
max v at t=591000:  0.024890248820822282
mass =  900.0933174370973
max v at t=592000:  0.02155315673553977
mass =  899.7552171866704
max v at t=593000:  0.01996357399994369
mass =  899.1044232119095
max v at t=594000:  0.020284226933976465
mass =  898.9632072310897
max v at t=595000:  0.021319986465672597
mass =  898.9150653368353
max v at t=596000:  0.02071872370152469
mass =  899.3935106856813
max v at t=597000:  0.019908729851295267
mass =  900.1329339473018
max v at t=598000:  0.021270724560275293
mass =  900.2757115940929
max v at t=599000:  0.02121990405173037
mass =  899.5629104027915
max v at t=600000:  0.02009686914520991
mass =  898.8687757642175
max v at t=601000:  0.02248686958102239
mass =  898.6843167284819
max v at t=602000:  0.02183262203559089
mass =  898.7400619371191
max v at t=603000:  0.02142867049874006
mass =  899.0324747793411
max v at t=604000:  0.019209410153839653
mass =  899.2563782593883
max v at t=605000:  0.021156393155092164
mass =  898.9382368216166
max v at t=606000:  0.023279616869834617
mass =  898.5851339563206
max v at t=607000:  0.01992969821406346
mass =  898.8710781577435
max v at t=608000:  0.022423886936834093
mass =  898.539833550513
max v at t=609000:  0.021337289862732714
mass =  898.8673385465136
max v at t=610000:  0.020737287350231833
mass =  898.4715846188304
max v at t=611000:  0.019689208354078815
mass =  898.0843179526393
max v at t=612000:  0.020238762622209156
mass =  898.2866149844151
max v at t=613000:  0.020444459031429933
mass =  897.9735678665616
max v at t=614000:  0.020472832484031107
mass =  897.823223741294
max v at t=615000:  0.02137413440641087
mass =  897.9466257707656
max v at t=616000:  0.020064205824337093
mass =  897.9619146786426
max v at t=617000:  0.021710965000565498
mass =  897.9230401063214
max v at t=618000:  0.020570430883910792
mass =  898.7762781275616
max v at t=619000:  0.021273007347855047
mass =  898.7475602546248
max v at t=620000:  0.02130554498485133
mass =  898.6213084340744
max v at t=621000:  0.020841546342384845
mass =  898.4433815795682
max v at t=622000:  0.019466726065331046
mass =  898.8119291362052
max v at t=623000:  0.022656937597375967
mass =  899.6628247917366
max v at t=624000:  0.023257837921994925
mass =  899.5251313504971
max v at t=625000:  0.022292237346628354
mass =  899.3972285995113
max v at t=626000:  0.021829179485629124
mass =  900.1010260059542
max v at t=627000:  0.02338716328432051
mass =  900.4029889483576
max v at t=628000:  0.020952548322493925
mass =  900.09556672755
max v at t=629000:  0.020862948499659924
mass =  899.861763530688
max v at t=630000:  0.024955019495308314
mass =  899.0263798204555
max v at t=631000:  0.019441865794048028
mass =  898.354216136882
max v at t=632000:  0.020514666247294512
mass =  898.5975100473283
max v at t=633000:  0.022140354575533858
mass =  898.589362216221
max v at t=634000:  0.020851776689454437
mass =  898.9532621508891
max v at t=635000:  0.02057053170014563
mass =  899.1930520387617
max v at t=636000:  0.02241061365086748
mass =  899.426767954328
max v at t=637000:  0.021341657715245727
mass =  899.1246005737133
max v at t=638000:  0.02101450295864235
mass =  898.3796752513584
max v at t=639000:  0.022418158608164082
mass =  899.2610354490432
max v at t=640000:  0.020607328425333107
mass =  899.6138427455705
max v at t=641000:  0.021490962268564062
mass =  899.8035231708951
max v at t=642000:  0.021254317874568444
mass =  899.9378960753604
max v at t=643000:  0.02065761810319407
mass =  899.5779339587707
max v at t=644000:  0.02059824931508399
mass =  899.6976249085415
max v at t=645000:  0.021274147094745934
mass =  899.6956678576458
max v at t=646000:  0.020756976331222417
mass =  899.4153362719073
max v at t=647000:  0.021411065944348252
mass =  898.8905324946605
max v at t=648000:  0.021828108064822105
mass =  898.5406253192209
max v at t=649000:  0.021587149944119595
mass =  898.6633697776354
max v at t=650000:  0.021236211380395092
mass =  898.7659895257289
max v at t=651000:  0.02318797895666281
mass =  899.1388566646707
max v at t=652000:  0.02063740606713979
mass =  899.6010979668558
max v at t=653000:  0.022789569569669436
mass =  899.5098142219425
max v at t=654000:  0.021053500810843496
mass =  899.8278278105478
max v at t=655000:  0.021029905177795415
mass =  900.1809296625154
max v at t=656000:  0.021025866463459428
mass =  900.9174797389292
max v at t=657000:  0.02145053357179145
mass =  900.5071987828657
max v at t=658000:  0.020085491471500003
mass =  899.7680056396658
max v at t=659000:  0.021950270450854403
mass =  898.9495005601009
max v at t=660000:  0.02353366692185612
mass =  899.0679344821305
max v at t=661000:  0.022006942055136387
mass =  899.237336139142
max v at t=662000:  0.021103526013762253
mass =  898.537070933804
max v at t=663000:  0.020992156999680614
mass =  898.0181208856386
max v at t=664000:  0.020965834359466723
mass =  898.7829888206032
max v at t=665000:  0.02184620284626557
mass =  899.1061571429088
max v at t=666000:  0.02019685082174863
mass =  898.9779791240095
max v at t=667000:  0.02123600862730818
mass =  898.5804959074674
max v at t=668000:  0.02305642456816981
mass =  898.4294058834963
max v at t=669000:  0.019944703463174517
mass =  898.1838541602035
max v at t=670000:  0.0207384855723753
mass =  898.004973934217
max v at t=671000:  0.02096392678085515
mass =  898.4676625729738
max v at t=672000:  0.022879543688507708
mass =  899.1228977458319
max v at t=673000:  0.021696816012965588
mass =  899.3973648167585
max v at t=674000:  0.019415127066926045
mass =  899.5007053012349
max v at t=675000:  0.019831743991169302
mass =  899.4775624413128
max v at t=676000:  0.021020798390312945
mass =  899.2456808261622
max v at t=677000:  0.020634738049283514
mass =  898.9652108766236
max v at t=678000:  0.022380476182744923
mass =  898.4446224923421
max v at t=679000:  0.020224783063512268
mass =  899.0518207596575
max v at t=680000:  0.020018943632089194
mass =  898.9063123454947
max v at t=681000:  0.023234818272173958
mass =  899.2844414101963
max v at t=682000:  0.021394139792334222
mass =  899.6470968949114
max v at t=683000:  0.021881537697362258
mass =  899.4911340128351
max v at t=684000:  0.020083599769904613
mass =  900.1718015748472
max v at t=685000:  0.021582932453478584
mass =  900.1072313594282
max v at t=686000:  0.02172628045277836
mass =  899.9674904565602
max v at t=687000:  0.02211664841533846
mass =  900.9963541031059
max v at t=688000:  0.022430668692763236
mass =  900.6452327867157
max v at t=689000:  0.02126414874161832
mass =  900.2122922834557
max v at t=690000:  0.019811310475609523
mass =  899.9785543458889
max v at t=691000:  0.021523087575220697
mass =  899.9662909700247
max v at t=692000:  0.02022952126446228
mass =  900.4584039337416
max v at t=693000:  0.022065444028932617
mass =  901.0481575144039
max v at t=694000:  0.0198918049602758
mass =  901.1136070421804
max v at t=695000:  0.019725425170249496
mass =  900.1964376619857
max v at t=696000:  0.023123068097039238
mass =  899.8498727969394
max v at t=697000:  0.02277064403778291
mass =  899.1177522887383
max v at t=698000:  0.020125955673801262
mass =  898.2925299200531
max v at t=699000:  0.021063818367937914
mass =  898.123818351804
max v at t=700000:  0.02072013019045509
mass =  898.5981663517339
max v at t=701000:  0.02179327973401758
mass =  898.1493520434838
max v at t=702000:  0.021257888050700877
mass =  898.3123459901743
max v at t=703000:  0.021932718270571794
mass =  898.545746642269
max v at t=704000:  0.023023326574825448
mass =  898.3000386472814
max v at t=705000:  0.020713052517416196
mass =  899.2389184954463
max v at t=706000:  0.02095697370738707
mass =  899.6728711076432
max v at t=707000:  0.020529340129009376
mass =  899.5013997103172
max v at t=708000:  0.02126511846658707
mass =  898.8327396811286
max v at t=709000:  0.02446921653226358
mass =  898.8680788561293
max v at t=710000:  0.021733275673694097
mass =  898.509244962858
max v at t=711000:  0.022437754373031468
mass =  898.1068004144834
max v at t=712000:  0.021571396431735387
mass =  898.4010223464381
max v at t=713000:  0.02057536855161813
mass =  898.4590990258764
max v at t=714000:  0.02282061765702375
mass =  899.2232848989945
max v at t=715000:  0.020213689388091077
mass =  899.2171215548577
max v at t=716000:  0.021164680178200147
mass =  899.324552175793
max v at t=717000:  0.020921133128433408
mass =  899.4877066830352
max v at t=718000:  0.021541693367211866
mass =  899.7682720639705
max v at t=719000:  0.020647415388900917
mass =  899.6618679054669
max v at t=720000:  0.021061744893855927
mass =  900.1823264261449
max v at t=721000:  0.02085611786365136
mass =  899.4763334110885
max v at t=722000:  0.02091521773490908
mass =  899.2110884655708
max v at t=723000:  0.02155916682439678
mass =  898.5242376058594
max v at t=724000:  0.020476052644676206
mass =  898.7196332634414
max v at t=725000:  0.023609446079888866
mass =  899.6141273225597
max v at t=726000:  0.02081494359717612
mass =  900.0690743640077
max v at t=727000:  0.019974499416079004
mass =  901.1845537907382
max v at t=728000:  0.021542724221760984
mass =  901.9202706039803
max v at t=729000:  0.020243011924682544
mass =  900.9183630554072
max v at t=730000:  0.021135351412555268
mass =  900.6860767463048
max v at t=731000:  0.02150001722856718
mass =  900.5683775342534
max v at t=732000:  0.020946202309242323
mass =  900.6130392804192
max v at t=733000:  0.021883853539436237
mass =  901.0830894835029
max v at t=734000:  0.01974279865781172
mass =  901.3379433879385
max v at t=735000:  0.02399845154826945
mass =  901.6008817305203
max v at t=736000:  0.021806954035479168
mass =  901.7549350707454
max v at t=737000:  0.020436701039009356
mass =  901.3604246252404
max v at t=738000:  0.020352391580772365
mass =  900.7790889477096
max v at t=739000:  0.022971353149179096
mass =  899.9198007819438
max v at t=740000:  0.020791140756686876
mass =  899.1286074629548
max v at t=741000:  0.020620991165791327
mass =  899.3176257731343
max v at t=742000:  0.023419637219449584
mass =  898.8096829456607
max v at t=743000:  0.020018678301962776
mass =  898.6029579761932
max v at t=744000:  0.02116984252757637
mass =  899.1574370230006
max v at t=745000:  0.019768959374171745
mass =  899.6719204794654
max v at t=746000:  0.022518909299644833
mass =  899.7753615845635
max v at t=747000:  0.021603721805761276
mass =  899.8009579190342
max v at t=748000:  0.022166266071313244
mass =  899.3242374748423
max v at t=749000:  0.020871848362316914
mass =  899.2437530644197
max v at t=750000:  0.02037749616977499
mass =  898.5231677829187
max v at t=751000:  0.0199522408740369
mass =  898.9890435341941
max v at t=752000:  0.02168020283391566
mass =  899.9937100101172
max v at t=753000:  0.021521217427632956
mass =  900.0699162014232
max v at t=754000:  0.022020269310934443
mass =  901.1719456314465
max v at t=755000:  0.0213084741640886
mass =  901.7251806668961
max v at t=756000:  0.020332029481450062
mass =  900.9133319025934
max v at t=757000:  0.02134053882998843
mass =  899.7772885292561
max v at t=758000:  0.02372948195965604
mass =  900.0239652272495
max v at t=759000:  0.020830482923285095
mass =  900.5153880617004
max v at t=760000:  0.019512394713778823
mass =  899.6837345540251
max v at t=761000:  0.023315884518391713
mass =  898.9829986078977
max v at t=762000:  0.022300216283978765
mass =  898.2647807411836
max v at t=763000:  0.020372908406682936
mass =  898.7296060256908
max v at t=764000:  0.02092692002046055
mass =  898.7900163826077
max v at t=765000:  0.02172234836425419
mass =  898.7179948928439
max v at t=766000:  0.021894169719279058
mass =  898.9232813195622
max v at t=767000:  0.020968022051597354
mass =  899.0989654906454
max v at t=768000:  0.02152794870613056
mass =  898.5406970444927
max v at t=769000:  0.02218674585710617
mass =  898.1126844843948
max v at t=770000:  0.02301703813260169
mass =  898.1669941167868
max v at t=771000:  0.0200903748680621
mass =  898.1701260268776
max v at t=772000:  0.01910198621104191
mass =  897.9893754119063
max v at t=773000:  0.021196843894280573
mass =  898.9047473547059
max v at t=774000:  0.020063990835484966
mass =  899.0283050061546
max v at t=775000:  0.019447757208251985
mass =  898.8579343478144
max v at t=776000:  0.02285020128807302
mass =  898.4116925252447
max v at t=777000:  0.02055028714044173
mass =  898.1452308540814
max v at t=778000:  0.024399595058375776
mass =  898.1664055491615
max v at t=779000:  0.023306718814636244
mass =  898.0019858740114
max v at t=780000:  0.021255513294331195
mass =  898.7690490094589
max v at t=781000:  0.021923568165172675
mass =  898.841028079386
max v at t=782000:  0.021338369500104863
mass =  898.9326667506518
max v at t=783000:  0.019929966203307795
mass =  899.1402991426758
max v at t=784000:  0.0203406063385915
mass =  898.9472870486463
max v at t=785000:  0.020847961367775752
mass =  898.7790396853173
max v at t=786000:  0.020756354316574233
mass =  898.6131789956642
max v at t=787000:  0.020359308582960676
mass =  899.2595399409608
max v at t=788000:  0.021622754549215344
mass =  899.7679659585192
max v at t=789000:  0.0210298879072511
mass =  900.164602207486
max v at t=790000:  0.02113970662839684
mass =  900.4374339569035
max v at t=791000:  0.02024418751879686
mass =  900.5219688438174
max v at t=792000:  0.019574318569823994
mass =  899.8311695631177
max v at t=793000:  0.020598076561085133
mass =  899.0833216840491
max v at t=794000:  0.02175633505722871
mass =  898.8715698220956
max v at t=795000:  0.020472997132908937
mass =  898.8301587622815
max v at t=796000:  0.024909695529904217
mass =  898.5234686079626
max v at t=797000:  0.022374606198435128
mass =  898.2439890684492
max v at t=798000:  0.02273240627533005
mass =  898.6382890563984
max v at t=799000:  0.01978886647290906
mass =  899.2105855199458
max v at t=800000:  0.018952162379598122
mass =  899.8516851364183
max v at t=801000:  0.020413061632807764
mass =  899.427188301374
max v at t=802000:  0.020450430498499397
mass =  899.2495293751316
max v at t=803000:  0.02130078727771685
mass =  899.3668088752231
max v at t=804000:  0.022801827798861644
mass =  899.1610913717366
max v at t=805000:  0.020072234631991582
mass =  899.0674381707348
max v at t=806000:  0.020153037975886755
mass =  899.7051069689
max v at t=807000:  0.01947038003139434
mass =  899.372861715755
max v at t=808000:  0.021063952752927977
mass =  899.0711802868151
max v at t=809000:  0.020250993179790375
mass =  899.4621265368914
max v at t=810000:  0.020671199313792476
mass =  899.8866655967506
max v at t=811000:  0.02167180434563889
mass =  899.7355434506258
max v at t=812000:  0.019975257773055737
mass =  899.2464070010774
max v at t=813000:  0.02072431203615878
mass =  899.1292682302844
max v at t=814000:  0.021866564213594133
mass =  899.1693772392016
max v at t=815000:  0.022001732904561845
mass =  898.6189636411832
max v at t=816000:  0.021699877598717377
mass =  898.8672271777158
max v at t=817000:  0.01942949804990007
mass =  900.1379615613748
max v at t=818000:  0.021938621628188017
mass =  900.6725752824949
max v at t=819000:  0.0202676573191844
mass =  900.169508147922
max v at t=820000:  0.021426523774463743
mass =  899.5802601107852
max v at t=821000:  0.019535798935587004
mass =  898.8829549036342
max v at t=822000:  0.02039332394732368
mass =  899.109097564098
max v at t=823000:  0.021214121706664837
mass =  898.8887200990072
max v at t=824000:  0.023115548425930485
mass =  898.5695178814834
max v at t=825000:  0.020762842153501784
mass =  898.6769142924043
max v at t=826000:  0.019788635852468293
mass =  898.6239033954339
max v at t=827000:  0.020837226969397757
mass =  898.6240298810275
max v at t=828000:  0.021070209927480606
mass =  898.6587466549722
max v at t=829000:  0.02056428823466401
mass =  898.5621678949246
max v at t=830000:  0.02132419696435836
mass =  898.2128564994241
max v at t=831000:  0.0207253159911906
mass =  897.8114243954827
max v at t=832000:  0.021345486802273796
mass =  897.8414725191707
max v at t=833000:  0.021629075104411342
mass =  897.6498256880758
max v at t=834000:  0.0214111669539802
mass =  897.4886900605603
max v at t=835000:  0.019696042055213334
mass =  898.0481558668986
max v at t=836000:  0.02194924886330632
mass =  897.953236496919
max v at t=837000:  0.021522835404867612
mass =  897.5126262237536
max v at t=838000:  0.02065966026865293
mass =  897.5659780410566
max v at t=839000:  0.02227526352109727
mass =  898.0713638657961
max v at t=840000:  0.021602426750139046
mass =  898.0444176707728
max v at t=841000:  0.01997967849987601
mass =  897.4010648733215
max v at t=842000:  0.02282312566555056
mass =  897.7094348120957
max v at t=843000:  0.023895567411858425
mass =  898.2247957964227
max v at t=844000:  0.020534969473036905
mass =  898.0332035761467
max v at t=845000:  0.020400129920227335
mass =  898.0660575000934
max v at t=846000:  0.020846608761761084
mass =  898.1531672060402
max v at t=847000:  0.02045337126002579
mass =  898.0827189198266
max v at t=848000:  0.01994844351147658
mass =  897.6803849377627
max v at t=849000:  0.02080709067225604
mass =  897.9032071238202
max v at t=850000:  0.020296046487125335
mass =  898.2742560760582
max v at t=851000:  0.020093877920542468
mass =  898.3853509067231
max v at t=852000:  0.022710304925211963
mass =  898.1436539027143
max v at t=853000:  0.023125188475057224
mass =  898.4407120498155
max v at t=854000:  0.020615134791616595
mass =  899.1027949886021
max v at t=855000:  0.022326886625305607
mass =  899.7346395937085
max v at t=856000:  0.020745246864159027
mass =  899.0021073532205
max v at t=857000:  0.020585175961845427
mass =  898.6136039038582
max v at t=858000:  0.019552720743126105
mass =  898.9437663382912
max v at t=859000:  0.023332739569045118
mass =  898.4014152207341
max v at t=860000:  0.020139822116303933
mass =  897.1314783662626
max v at t=861000:  0.022024693048981872
mass =  897.4789307161029
max v at t=862000:  0.023830883150207118
mass =  898.2635921514203
max v at t=863000:  0.02264335570826597
mass =  898.8067101062912
max v at t=864000:  0.02133007615250961
mass =  899.2012584500972
max v at t=865000:  0.020390237891587424
mass =  899.1648454310276
max v at t=866000:  0.020205364168894624
mass =  899.20109920416
max v at t=867000:  0.021112229766498833
mass =  898.9647256094621
max v at t=868000:  0.021120942765488513
mass =  898.8686981410751
max v at t=869000:  0.02171948404534461
mass =  898.8848553986612
max v at t=870000:  0.021152368215178772
mass =  898.9346301439216
max v at t=871000:  0.019739060800556655
mass =  898.1774238098023
max v at t=872000:  0.01995691181476306
mass =  898.527358481648
max v at t=873000:  0.02112371031276684
mass =  899.2148812601602
max v at t=874000:  0.02031534493956214
mass =  899.9626023348601
max v at t=875000:  0.021200545738009096
mass =  900.2691708150433
max v at t=876000:  0.019428088409665752
mass =  899.9392505051487
max v at t=877000:  0.02171177997484847
mass =  899.4523626729465
max v at t=878000:  0.021399535111535164
mass =  898.9461454241098
max v at t=879000:  0.021649756408032773
mass =  898.7943104097328
max v at t=880000:  0.01991891714171896
mass =  898.5495451472466
max v at t=881000:  0.021309956741448102
mass =  898.8224201451867
max v at t=882000:  0.020360613498309702
mass =  899.1467097875384
max v at t=883000:  0.020753696447995493
mass =  899.6562583405351
max v at t=884000:  0.021722392608342786
mass =  900.2898433267736
max v at t=885000:  0.02081204467923993
mass =  900.0249603222932
max v at t=886000:  0.01937401263894205
mass =  899.5595105212561
max v at t=887000:  0.022420022115523363
mass =  899.2539238115418
max v at t=888000:  0.021641705786746155
mass =  899.03519494447
max v at t=889000:  0.021035654587500105
mass =  898.6143676544967
max v at t=890000:  0.02104133796230793
mass =  898.1283926348619
max v at t=891000:  0.01993394844642441
mass =  897.6072008926451
max v at t=892000:  0.020750390592668918
mass =  897.9377078591144
max v at t=893000:  0.021083993283469243
mass =  898.4324979844727
max v at t=894000:  0.021397391181364116
mass =  898.2720244787137
max v at t=895000:  0.02266632718169362
mass =  898.692132196739
max v at t=896000:  0.02083619014992631
mass =  898.181213675475
max v at t=897000:  0.021323398408215743
mass =  897.9569449990358
max v at t=898000:  0.021280362508682055
mass =  898.7384571279777
max v at t=899000:  0.02220585304249219
mass =  898.4333024391663
max v at t=900000:  0.02360281133116663
mass =  898.2488608637148
Traceback (most recent call last):
  File "/mnt/lustre/e1000/home/ec288/ec288/s2767572-ec288/flowOptGeometry/arcLengthParam/smallSizeGrad/sawtooth/Analysis.py", line 40, in <module>
    with open(file_name, 'rb') as f:
         ^^^^^^^^^^^^^^^^^^^^^
FileNotFoundError: [Errno 2] No such file or directory: 'data/BoundaryLabels_t901000.mat'
