/work/y07/shared/cirrus-software/miniconda3/4.12.0-py39/lib/python3.9/site-packages/matplotlib/quiver.py:649: RuntimeWarning: divide by zero encountered in scalar divide
  length = a * (widthu_per_lenu / (self.scale * self.width))
/work/y07/shared/cirrus-software/miniconda3/4.12.0-py39/lib/python3.9/site-packages/matplotlib/quiver.py:649: RuntimeWarning: invalid value encountered in multiply
  length = a * (widthu_per_lenu / (self.scale * self.width))
max v:  0.0
phi =  1.0 


Interface position is 130
Spread distance =  0.0 

max v:  0.00460088060895495
phi =  1.0 


Interface position is 130
Spread distance =  0 

max v:  0.002576746797292549
phi =  1.0000000000002593 


Interface position is 129
Spread distance =  -1 

max v:  0.0020250270066310538
phi =  1.0000000000024838 


Interface position is 129
Spread distance =  -1 

max v:  0.012240971574259994
phi =  0.9999999999976217 


Interface position is 129
Spread distance =  -1 

max v:  0.035709189938754715
phi =  1.000000000291666 


Interface position is 129
Spread distance =  -1 

max v:  0.031430531439540284
phi =  1.0000000025098001 


Interface position is 129
Spread distance =  -1 

max v:  0.03377194876522963
phi =  1.0000000075955837 


Interface position is 129
Spread distance =  -1 

max v:  0.033504152201529275
phi =  1.000000018194017 


Interface position is 129
Spread distance =  -1 

max v:  0.038820431146313436
phi =  1.0000000459283156 


Interface position is 129
Spread distance =  -1 

max v:  0.03368324855325865
phi =  1.0000001167529495 


Interface position is 129
Spread distance =  -1 

max v:  0.037140151287949494
phi =  1.0000002698741983 


Interface position is 129
Spread distance =  -1 

max v:  0.03386293627208597
phi =  1.0000005486859302 


Interface position is 133
Spread distance =  3 

max v:  0.031030832732176453
phi =  1.000000993569545 


Interface position is 134
Spread distance =  4 

max v:  0.025043237202455455
phi =  1.000001639236427 


Interface position is 134
Spread distance =  4 

max v:  0.02282000045524328
phi =  1.0000024989102505 


Interface position is 135
Spread distance =  5 

max v:  0.026912461075002652
phi =  1.000003568961436 


Interface position is 135
Spread distance =  5 

max v:  0.021766380305869228
phi =  1.0000048660185266 


Interface position is 136
Spread distance =  6 

max v:  0.02225483898515941
phi =  1.0000063738111526 


Interface position is 136
Spread distance =  6 

max v:  0.02251775621962044
phi =  1.0000080473620765 


Interface position is 136
Spread distance =  6 

max v:  0.025520331172861135
phi =  1.0000098602154193 


Interface position is 136
Spread distance =  6 

max v:  0.021510139828682544
phi =  1.0000118238432505 


Interface position is 137
Spread distance =  7 

max v:  0.0219294336391068
phi =  1.000013916842306 


Interface position is 137
Spread distance =  7 

max v:  0.023219575603246136
phi =  1.0000161136322223 


Interface position is 137
Spread distance =  7 

max v:  0.023624182896541394
phi =  1.0000183936314775 


Interface position is 137
Spread distance =  7 

max v:  0.022442990891875014
phi =  1.0000207182015173 


Interface position is 137
Spread distance =  7 

max v:  0.02291263130518176
phi =  1.0000230984690157 


Interface position is 138
Spread distance =  8 

max v:  0.022991721329154183
phi =  1.0000255191635912 


Interface position is 138
Spread distance =  8 

max v:  0.021185052669845255
phi =  1.0000279798244842 


Interface position is 138
Spread distance =  8 

max v:  0.027285425222860794
phi =  1.000030488983972 


Interface position is 138
Spread distance =  8 

max v:  0.02484312894644881
phi =  1.0000329693771932 


Interface position is 138
Spread distance =  8 

max v:  0.02297773425607031
phi =  1.000035367114487 


Interface position is 138
Spread distance =  8 

max v:  0.0259661577716987
phi =  1.0000377231683344 


Interface position is 138
Spread distance =  8 

max v:  0.02064598919248736
phi =  1.0000400310455906 


Interface position is 138
Spread distance =  8 

max v:  0.02173813753732939
phi =  1.0000423202627993 


Interface position is 138
Spread distance =  8 

max v:  0.02106953983146702
phi =  1.0000445718895385 


Interface position is 139
Spread distance =  9 

max v:  0.0219591643523526
phi =  1.0000467904025523 


Interface position is 139
Spread distance =  9 

max v:  0.01973912264174491
phi =  1.0000489480775434 


Interface position is 139
Spread distance =  9 

max v:  0.020557498058548906
phi =  1.000051051146849 


Interface position is 139
Spread distance =  9 

max v:  0.024837559946058067
phi =  1.0000531333973322 


Interface position is 139
Spread distance =  9 

max v:  0.018850367549608657
phi =  1.0000551886613327 


Interface position is 139
Spread distance =  9 

max v:  0.01898667740576635
phi =  1.0000572374687207 


Interface position is 139
Spread distance =  9 

max v:  0.019507311704973686
phi =  1.0000592740530974 


Interface position is 139
Spread distance =  9 

max v:  0.020912691761697584
phi =  1.0000613266083342 


Interface position is 139
Spread distance =  9 

max v:  0.020065444148941153
phi =  1.000063318426171 


Interface position is 139
Spread distance =  9 

max v:  0.020922897225126056
phi =  1.0000652456306656 


Interface position is 139
Spread distance =  9 

max v:  0.018588754975073722
phi =  1.000067134303311 


Interface position is 139
Spread distance =  9 

max v:  0.018727183083895576
phi =  1.0000689701551027 


Interface position is 139
Spread distance =  9 

max v:  0.019410111026465057
phi =  1.000070774774217 


Interface position is 140
Spread distance =  10 

max v:  0.019792940221786567
phi =  1.0000725217863011 


Interface position is 140
Spread distance =  10 

max v:  0.02200200672655252
phi =  1.0000742075504396 


Interface position is 140
Spread distance =  10 

max v:  0.02343321132238428
phi =  1.0000758537900327 


Interface position is 140
Spread distance =  10 

max v:  0.021158050995013767
phi =  1.0000774677075814 


Interface position is 140
Spread distance =  10 

max v:  0.021077252237616053
phi =  1.0000790738876952 


Interface position is 140
Spread distance =  10 

max v:  0.02003325658262003
phi =  1.0000806387521521 


Interface position is 140
Spread distance =  10 

max v:  0.020516423568263557
phi =  1.0000821907466013 


Interface position is 140
Spread distance =  10 

max v:  0.01981163631560701
phi =  1.0000837307057517 


Interface position is 140
Spread distance =  10 

max v:  0.01988384366970882
phi =  1.0000852877735167 


Interface position is 140
Spread distance =  10 

max v:  0.02042463982858849
phi =  1.0000867989962612 


Interface position is 140
Spread distance =  10 

max v:  0.022242206682500345
phi =  1.0000882442094314 


Interface position is 140
Spread distance =  10 

max v:  0.02066734154594173
phi =  1.0000896443750804 


Interface position is 140
Spread distance =  10 

max v:  0.01876038319088162
phi =  1.0000910204097158 


Interface position is 141
Spread distance =  11 

max v:  0.019276265250048236
phi =  1.0000923737723881 


Interface position is 141
Spread distance =  11 

max v:  0.018515136693895155
phi =  1.0000937300996728 


Interface position is 141
Spread distance =  11 

max v:  0.01854363282590192
phi =  1.0000951028938632 


Interface position is 141
Spread distance =  11 

max v:  0.02138512281954351
phi =  1.000096396295818 


Interface position is 141
Spread distance =  11 

max v:  0.021204671790476703
phi =  1.0000975547804116 


Interface position is 141
Spread distance =  11 

max v:  0.02049499204909498
phi =  1.0000986569628731 


Interface position is 141
Spread distance =  11 

max v:  0.020520437979880513
phi =  1.0000997936340974 


Interface position is 141
Spread distance =  11 

max v:  0.02165893450440206
phi =  1.0001010044608005 


Interface position is 141
Spread distance =  11 

max v:  0.02022410201271368
phi =  1.0001022600348 


Interface position is 141
Spread distance =  11 

max v:  0.017868666509143764
phi =  1.0001034841838703 


Interface position is 141
Spread distance =  11 

max v:  0.019458764926853674
phi =  1.0001046613951494 


Interface position is 141
Spread distance =  11 

max v:  0.019876761890226847
phi =  1.0001057795191834 


Interface position is 141
Spread distance =  11 

max v:  0.020785304929116167
phi =  1.000106885511206 


Interface position is 141
Spread distance =  11 

max v:  0.020115891315852334
phi =  1.0001079833088702 


Interface position is 141
Spread distance =  11 

max v:  0.020343334305778726
phi =  1.0001090543600355 


Interface position is 141
Spread distance =  11 

max v:  0.0203304542819747
phi =  1.0001101257489373 


Interface position is 141
Spread distance =  11 

max v:  0.023132521202938117
phi =  1.0001112319271845 


Interface position is 141
Spread distance =  11 

max v:  0.020488854711135176
phi =  1.0001123479364395 


Interface position is 141
Spread distance =  11 

max v:  0.020253912128424405
phi =  1.000113383923154 


Interface position is 141
Spread distance =  11 

max v:  0.02058640824989558
phi =  1.000114393214873 


Interface position is 141
Spread distance =  11 

max v:  0.02182428596012344
phi =  1.0001154161893282 


Interface position is 141
Spread distance =  11 

max v:  0.0191207169240115
phi =  1.00011641544569 


Interface position is 141
Spread distance =  11 

max v:  0.021666143090303357
phi =  1.0001174009870264 


Interface position is 141
Spread distance =  11 

max v:  0.022120065399213747
phi =  1.0001183655188064 


Interface position is 141
Spread distance =  11 

max v:  0.020909045526827957
phi =  1.000119297003414 


Interface position is 142
Spread distance =  12 

max v:  0.021342670867015343
phi =  1.0001202157940863 


Interface position is 142
Spread distance =  12 

max v:  0.020577311144072737
phi =  1.000121140373017 


Interface position is 142
Spread distance =  12 

max v:  0.021290605432034804
phi =  1.0001220808679823 


Interface position is 142
Spread distance =  12 

max v:  0.02000037176678852
phi =  1.0001230822188667 


Interface position is 142
Spread distance =  12 

max v:  0.020194118853917635
phi =  1.0001240846061032 


Interface position is 142
Spread distance =  12 

max v:  0.021208643784754906
phi =  1.0001250027921016 


Interface position is 142
Spread distance =  12 

max v:  0.022563508258559236
phi =  1.000125877581122 


Interface position is 142
Spread distance =  12 

max v:  0.021116452073925443
phi =  1.0001266795232024 


Interface position is 142
Spread distance =  12 

max v:  0.019089125914195634
phi =  1.0001275416805206 


Interface position is 142
Spread distance =  12 

max v:  0.01888164532836551
phi =  1.0001284972134012 


Interface position is 142
Spread distance =  12 

max v:  0.021312757092591495
phi =  1.0001294417542634 


Interface position is 142
Spread distance =  12 

max v:  0.021080184562443205
phi =  1.0001303943337134 


Interface position is 142
Spread distance =  12 

max v:  0.01889495315546038
phi =  1.0001313156536948 


Interface position is 142
Spread distance =  12 

max v:  0.02001114488760974
phi =  1.0001321875009106 


Interface position is 142
Spread distance =  12 

max v:  0.0
phi =  1.0 


Interface position is 130
Spread distance =  0.0 

max v:  0.00460088060895495
phi =  1.0 


Interface position is 130
Spread distance =  0 

max v:  0.002576746797292549
phi =  1.0000000000002593 


Interface position is 129
Spread distance =  -1 

max v:  0.0020250270066310538
phi =  1.0000000000024838 


Interface position is 129
Spread distance =  -1 

max v:  0.012240971574259994
phi =  0.9999999999976217 


Interface position is 129
Spread distance =  -1 

max v:  0.035709189938754715
phi =  1.000000000291666 


Interface position is 129
Spread distance =  -1 

max v:  0.031430531439540284
phi =  1.0000000025098001 


Interface position is 129
Spread distance =  -1 

max v:  0.03377194876522963
phi =  1.0000000075955837 


Interface position is 129
Spread distance =  -1 

max v:  0.033504152201529275
phi =  1.000000018194017 


Interface position is 129
Spread distance =  -1 

max v:  0.038820431146313436
phi =  1.0000000459283156 


Interface position is 129
Spread distance =  -1 

max v:  0.03368324855325865
phi =  1.0000001167529495 


Interface position is 129
Spread distance =  -1 

max v:  0.037140151287949494
phi =  1.0000002698741983 


Interface position is 129
Spread distance =  -1 

max v:  0.03386293627208597
phi =  1.0000005486859302 


Interface position is 133
Spread distance =  3 

max v:  0.031030832732176453
phi =  1.000000993569545 


Interface position is 134
Spread distance =  4 

max v:  0.025043237202455455
phi =  1.000001639236427 


Interface position is 134
Spread distance =  4 

max v:  0.02282000045524328
phi =  1.0000024989102505 


Interface position is 135
Spread distance =  5 

max v:  0.026912461075002652
phi =  1.000003568961436 


Interface position is 135
Spread distance =  5 

max v:  0.021766380305869228
phi =  1.0000048660185266 


Interface position is 136
Spread distance =  6 

max v:  0.02225483898515941
phi =  1.0000063738111526 


Interface position is 136
Spread distance =  6 

max v:  0.02251775621962044
phi =  1.0000080473620765 


Interface position is 136
Spread distance =  6 

max v:  0.025520331172861135
phi =  1.0000098602154193 


Interface position is 136
Spread distance =  6 

max v:  0.021510139828682544
phi =  1.0000118238432505 


Interface position is 137
Spread distance =  7 

max v:  0.0219294336391068
phi =  1.000013916842306 


Interface position is 137
Spread distance =  7 

max v:  0.023219575603246136
phi =  1.0000161136322223 


Interface position is 137
Spread distance =  7 

max v:  0.023624182896541394
phi =  1.0000183936314775 


Interface position is 137
Spread distance =  7 

max v:  0.022442990891875014
phi =  1.0000207182015173 


Interface position is 137
Spread distance =  7 

max v:  0.02291263130518176
phi =  1.0000230984690157 


Interface position is 138
Spread distance =  8 

max v:  0.022991721329154183
phi =  1.0000255191635912 


Interface position is 138
Spread distance =  8 

max v:  0.021185052669845255
phi =  1.0000279798244842 


Interface position is 138
Spread distance =  8 

max v:  0.027285425222860794
phi =  1.000030488983972 


Interface position is 138
Spread distance =  8 

max v:  0.02484312894644881
phi =  1.0000329693771932 


Interface position is 138
Spread distance =  8 

max v:  0.02297773425607031
phi =  1.000035367114487 


Interface position is 138
Spread distance =  8 

max v:  0.0259661577716987
phi =  1.0000377231683344 


Interface position is 138
Spread distance =  8 

max v:  0.02064598919248736
phi =  1.0000400310455906 


Interface position is 138
Spread distance =  8 

max v:  0.02173813753732939
phi =  1.0000423202627993 


Interface position is 138
Spread distance =  8 

max v:  0.02106953983146702
phi =  1.0000445718895385 


Interface position is 139
Spread distance =  9 

max v:  0.0219591643523526
phi =  1.0000467904025523 


Interface position is 139
Spread distance =  9 

max v:  0.01973912264174491
phi =  1.0000489480775434 


Interface position is 139
Spread distance =  9 

max v:  0.020557498058548906
phi =  1.000051051146849 


Interface position is 139
Spread distance =  9 

max v:  0.024837559946058067
phi =  1.0000531333973322 


Interface position is 139
Spread distance =  9 

max v:  0.018850367549608657
phi =  1.0000551886613327 


Interface position is 139
Spread distance =  9 

max v:  0.01898667740576635
phi =  1.0000572374687207 


Interface position is 139
Spread distance =  9 

max v:  0.019507311704973686
phi =  1.0000592740530974 


Interface position is 139
Spread distance =  9 

max v:  0.020912691761697584
phi =  1.0000613266083342 


Interface position is 139
Spread distance =  9 

max v:  0.020065444148941153
phi =  1.000063318426171 


Interface position is 139
Spread distance =  9 

max v:  0.020922897225126056
phi =  1.0000652456306656 


Interface position is 139
Spread distance =  9 

max v:  0.018588754975073722
phi =  1.000067134303311 


Interface position is 139
Spread distance =  9 

max v:  0.018727183083895576
phi =  1.0000689701551027 


Interface position is 139
Spread distance =  9 

max v:  0.019410111026465057
phi =  1.000070774774217 


Interface position is 140
Spread distance =  10 

max v:  0.019792940221786567
phi =  1.0000725217863011 


Interface position is 140
Spread distance =  10 

max v:  0.02200200672655252
phi =  1.0000742075504396 


Interface position is 140
Spread distance =  10 

max v:  0.02343321132238428
phi =  1.0000758537900327 


Interface position is 140
Spread distance =  10 

max v:  0.021158050995013767
phi =  1.0000774677075814 


Interface position is 140
Spread distance =  10 

max v:  0.021077252237616053
phi =  1.0000790738876952 


Interface position is 140
Spread distance =  10 

max v:  0.02003325658262003
phi =  1.0000806387521521 


Interface position is 140
Spread distance =  10 

max v:  0.020516423568263557
phi =  1.0000821907466013 


Interface position is 140
Spread distance =  10 

max v:  0.01981163631560701
phi =  1.0000837307057517 


Interface position is 140
Spread distance =  10 

max v:  0.01988384366970882
phi =  1.0000852877735167 


Interface position is 140
Spread distance =  10 

max v:  0.02042463982858849
phi =  1.0000867989962612 


Interface position is 140
Spread distance =  10 

max v:  0.022242206682500345
phi =  1.0000882442094314 


Interface position is 140
Spread distance =  10 

max v:  0.02066734154594173
phi =  1.0000896443750804 


Interface position is 140
Spread distance =  10 

max v:  0.01876038319088162
phi =  1.0000910204097158 


Interface position is 141
Spread distance =  11 

max v:  0.019276265250048236
phi =  1.0000923737723881 


Interface position is 141
Spread distance =  11 

max v:  0.018515136693895155
phi =  1.0000937300996728 


Interface position is 141
Spread distance =  11 

max v:  0.01854363282590192
phi =  1.0000951028938632 


Interface position is 141
Spread distance =  11 

max v:  0.02138512281954351
phi =  1.000096396295818 


Interface position is 141
Spread distance =  11 

max v:  0.021204671790476703
phi =  1.0000975547804116 


Interface position is 141
Spread distance =  11 

max v:  0.02049499204909498
phi =  1.0000986569628731 


Interface position is 141
Spread distance =  11 

max v:  0.020520437979880513
phi =  1.0000997936340974 


Interface position is 141
Spread distance =  11 

max v:  0.02165893450440206
phi =  1.0001010044608005 


Interface position is 141
Spread distance =  11 

max v:  0.02022410201271368
phi =  1.0001022600348 


Interface position is 141
Spread distance =  11 

max v:  0.017868666509143764
phi =  1.0001034841838703 


Interface position is 141
Spread distance =  11 

max v:  0.019458764926853674
phi =  1.0001046613951494 


Interface position is 141
Spread distance =  11 

max v:  0.019876761890226847
phi =  1.0001057795191834 


Interface position is 141
Spread distance =  11 

max v:  0.020785304929116167
phi =  1.000106885511206 


Interface position is 141
Spread distance =  11 

max v:  0.020115891315852334
phi =  1.0001079833088702 


Interface position is 141
Spread distance =  11 

max v:  0.020343334305778726
phi =  1.0001090543600355 


Interface position is 141
Spread distance =  11 

max v:  0.0203304542819747
phi =  1.0001101257489373 


Interface position is 141
Spread distance =  11 

max v:  0.023132521202938117
phi =  1.0001112319271845 


Interface position is 141
Spread distance =  11 

max v:  0.020488854711135176
phi =  1.0001123479364395 


Interface position is 141
Spread distance =  11 

max v:  0.020253912128424405
phi =  1.000113383923154 


Interface position is 141
Spread distance =  11 

max v:  0.02058640824989558
phi =  1.000114393214873 


Interface position is 141
Spread distance =  11 

max v:  0.02182428596012344
phi =  1.0001154161893282 


Interface position is 141
Spread distance =  11 

max v:  0.0191207169240115
phi =  1.00011641544569 


Interface position is 141
Spread distance =  11 

max v:  0.021666143090303357
phi =  1.0001174009870264 


Interface position is 141
Spread distance =  11 

max v:  0.022120065399213747
phi =  1.0001183655188064 


Interface position is 141
Spread distance =  11 

max v:  0.020909045526827957
phi =  1.000119297003414 


Interface position is 142
Spread distance =  12 

max v:  0.021342670867015343
phi =  1.0001202157940863 


Interface position is 142
Spread distance =  12 

max v:  0.020577311144072737
phi =  1.000121140373017 


Interface position is 142
Spread distance =  12 

max v:  0.021290605432034804
phi =  1.0001220808679823 


Interface position is 142
Spread distance =  12 

max v:  0.02000037176678852
phi =  1.0001230822188667 


Interface position is 142
Spread distance =  12 

max v:  0.020194118853917635
phi =  1.0001240846061032 


Interface position is 142
Spread distance =  12 

max v:  0.021208643784754906
phi =  1.0001250027921016 


Interface position is 142
Spread distance =  12 

max v:  0.022563508258559236
phi =  1.000125877581122 


Interface position is 142
Spread distance =  12 

max v:  0.021116452073925443
phi =  1.0001266795232024 


Interface position is 142
Spread distance =  12 

max v:  0.019089125914195634
phi =  1.0001275416805206 


Interface position is 142
Spread distance =  12 

max v:  0.01888164532836551
phi =  1.0001284972134012 


Interface position is 142
Spread distance =  12 

max v:  0.021312757092591495
phi =  1.0001294417542634 


Interface position is 142
Spread distance =  12 

max v:  0.021080184562443205
phi =  1.0001303943337134 


Interface position is 142
Spread distance =  12 

max v:  0.01889495315546038
phi =  1.0001313156536948 


Interface position is 142
Spread distance =  12 

max v:  0.02001114488760974
phi =  1.0001321875009106 


Interface position is 142
Spread distance =  12 

