Reading parameters for simulation from input.txt.
Cannot find a variable named #lx. This could mean the names dont match but if you're seeing a lot of these errors then the structure of your file is probably not right.
Cannot find a variable named #ly. This could mean the names dont match but if you're seeing a lot of these errors then the structure of your file is probably not right.
Cannot find a variable named #lz. This could mean the names dont match but if you're seeing a lot of these errors then the structure of your file is probably not right.
theta = 30
saveInterval = 1000
timesteps = 100000
posx = 150
posy = 10
posz = 75
radius = 20
dens1 = 1
dens2 = 1
datadir = data/
interfacewidth = 4
surfacetension = 0.005
postheight = 10
nbPost = 20
nbPostZ = 10
postfraction = 0.43
postfractionZ = 0.3
tau1 = 2.56
tau2 = 0.5037
bodyforcex = 0.0
equilibriumtimesteps = 0
w = 3.0
a1 = 10.0
b1 = 10.0
c1 = 10.0
angular_width = 45.0
tip_to_tip_dist = 20.0
row_to_row_dist = 10.0
Num_ratchets_per_row = 4
Num_rows_of_ratchets = 1

mBoundaryID set to: 1 2 
mBoundaryID set to: 1 2 
mBoundaryID set to: 1 2 
mBoundaryID set to: 1 2 
mBoundaryID set to: 1 2 
mBoundaryID set to: 1 2 
mBoundaryID set to: 1 2 
mBoundaryID set to: 1 2 
SAVING HEADER 
Saving at timestep 0.
Saving at timestep 1000.
Saving at timestep 2000.
Saving at timestep 3000.
Saving at timestep 4000.
Saving at timestep 5000.
Saving at timestep 6000.
Saving at timestep 7000.
Saving at timestep 8000.
Saving at timestep 9000.
Saving at timestep 10000.
Saving at timestep 11000.
Saving at timestep 12000.
Saving at timestep 13000.
Saving at timestep 14000.
Saving at timestep 15000.
Saving at timestep 16000.
Saving at timestep 17000.
Saving at timestep 18000.
Saving at timestep 19000.
Saving at timestep 20000.
Saving at timestep 21000.
Saving at timestep 22000.
Saving at timestep 23000.
Saving at timestep 24000.
Saving at timestep 25000.
Saving at timestep 26000.
Saving at timestep 27000.
Saving at timestep 28000.
Saving at timestep 29000.
Saving at timestep 30000.
Saving at timestep 31000.
Saving at timestep 32000.
Saving at timestep 33000.
Saving at timestep 34000.
Saving at timestep 35000.
Saving at timestep 36000.
Saving at timestep 37000.
Saving at timestep 38000.
Saving at timestep 39000.
Saving at timestep 40000.
Saving at timestep 41000.
Saving at timestep 42000.
Saving at timestep 43000.
Saving at timestep 44000.
Saving at timestep 45000.
Saving at timestep 46000.
Saving at timestep 47000.
Saving at timestep 48000.
Saving at timestep 49000.
Saving at timestep 50000.
Saving at timestep 51000.
Saving at timestep 52000.
Saving at timestep 53000.
Saving at timestep 54000.
Saving at timestep 55000.
Saving at timestep 56000.
Saving at timestep 57000.
Saving at timestep 58000.
Saving at timestep 59000.
Saving at timestep 60000.
Saving at timestep 61000.
Saving at timestep 62000.
Saving at timestep 63000.
Saving at timestep 64000.
Saving at timestep 65000.
Saving at timestep 66000.
Saving at timestep 67000.
Saving at timestep 68000.
Saving at timestep 69000.
Saving at timestep 70000.
Saving at timestep 71000.
Saving at timestep 72000.
Saving at timestep 73000.
Saving at timestep 74000.
Saving at timestep 75000.
Saving at timestep 76000.
Saving at timestep 77000.
Saving at timestep 78000.
Saving at timestep 79000.
Saving at timestep 80000.
Saving at timestep 81000.
Saving at timestep 82000.
Saving at timestep 83000.
Saving at timestep 84000.
Saving at timestep 85000.
Saving at timestep 86000.
Saving at timestep 87000.
Saving at timestep 88000.
Saving at timestep 89000.
Saving at timestep 90000.
Saving at timestep 91000.
Saving at timestep 92000.
Saving at timestep 93000.
Saving at timestep 94000.
Saving at timestep 95000.
Saving at timestep 96000.
Saving at timestep 97000.
Saving at timestep 98000.
Saving at timestep 99000.
Saving at timestep 100000.
