Reading parameters for simulation from input.txt.
Cannot find a variable named #lx. This could mean the names dont match but if you're seeing a lot of these errors then the structure of your file is probably not right.
Cannot find a variable named #ly. This could mean the names dont match but if you're seeing a lot of these errors then the structure of your file is probably not right.
Cannot find a variable named #lz. This could mean the names dont match but if you're seeing a lot of these errors then the structure of your file is probably not right.
theta = 30
saveInterval = 1000
timesteps = 1000000
posx = 150
posy = 10
posz = 75
radius = 20
dens1 = 1
dens2 = 1
datadir = data/
interfacewidth = 4
surfacetension = 0.005
postheight = 10
nbPost = 20
nbPostZ = 10
postfraction = 0.43
postfractionZ = 0.3
tau1 = 2.56
tau2 = 0.5037
bodyforcex = 0.0
equilibriumtimesteps = 0
w = 3.0
a1 = 10.0
b1 = 10.0
c1 = 10.0
angular_width = 45.0
tip_to_tip_dist = 20.0
row_to_row_dist = 10.0
Num_ratchets_per_row = 4
Num_rows_of_ratchets = 1

mBoundaryID set to: 1 2 
mBoundaryID set to: 1 2 
mBoundaryID set to: 1 2 
mBoundaryID set to: 1 2 
mBoundaryID set to: 1 2 
mBoundaryID set to: 1 2 
mBoundaryID set to: 1 2 
mBoundaryID set to: 1 2 
SAVING HEADER 
Saving at timestep 0.
Saving at timestep 1000.
Saving at timestep 2000.
Saving at timestep 3000.
Saving at timestep 4000.
Saving at timestep 5000.
Saving at timestep 6000.
Saving at timestep 7000.
Saving at timestep 8000.
Saving at timestep 9000.
Saving at timestep 10000.
Saving at timestep 11000.
Saving at timestep 12000.
Saving at timestep 13000.
Saving at timestep 14000.
Saving at timestep 15000.
Saving at timestep 16000.
Saving at timestep 17000.
Saving at timestep 18000.
Saving at timestep 19000.
